<?xml version="1.0" encoding="UTF-8"?>
<!-- Generated by org.testng.reporters.JUnitReportReporter -->
<testsuite hostname="JKL029" failures="0" tests="7" name="com.jkl.testCases.TC_Customers" time="97.944" errors="0" timestamp="2024-06-10T17:28:15 IST" skipped="0">
  <testcase classname="com.jkl.testCases.TC_Customers" name="test_AddCustomer" time="12.007"/>
  <system-out/>
  <testcase classname="com.jkl.testCases.TC_Customers" name="test_EditCustomer" time="17.324"/>
  <system-out/>
  <testcase classname="com.jkl.testCases.TC_Customers" name="test_DeactivateCustomer" time="13.531"/>
  <system-out/>
  <testcase classname="com.jkl.testCases.TC_Customers" name="test_ActivateCustomer" time="13.610"/>
  <system-out/>
  <testcase classname="com.jkl.testCases.TC_Customers" name="test_ArchiveCustomer" time="13.602"/>
  <system-out/>
  <testcase classname="com.jkl.testCases.TC_Customers" name="test_RestoreCustomer" time="14.659"/>
  <system-out/>
  <testcase classname="com.jkl.testCases.TC_Customers" name="test_ViewCustomer" time="13.211"/>
  <system-out/>
</testsuite> <!-- com.jkl.testCases.TC_Customers -->
