<?xml version="1.0" encoding="UTF-8"?>
<!-- Generated by org.testng.reporters.JUnitReportReporter -->
<testsuite hostname="SanjivKoiri" failures="0" tests="1" name="com.facebook.testCases.TC_CreatePost" time="37.689" errors="0" timestamp="2024-07-07T18:57:33 IST" skipped="0">
  <testcase classname="com.facebook.testCases.TC_CreatePost" name="test_CreatePost" time="37.689"/>
  <system-out/>
</testsuite> <!-- com.facebook.testCases.TC_CreatePost -->
