<?xml version="1.0" encoding="UTF-8"?>
<!-- Generated by org.testng.reporters.JUnitReportReporter -->
<testsuite hostname="SanjivKoiri" failures="0" tests="1" name="com.facebook.testCases.TC_CreatePost" time="69.111" errors="0" timestamp="2024-08-04T16:17:29 IST" skipped="0">
  <testcase classname="com.facebook.testCases.TC_CreatePost" name="test_CreatePost" time="69.111"/>
  <system-out/>
</testsuite> <!-- com.facebook.testCases.TC_CreatePost -->
